[2025-03-10T21:50:55.827305-03:00] log_controller.INFO: Entrando al while, para revisar los datos [] []
[2025-03-10T21:50:55.831378-03:00] log_controller.INFO: Información enviada por json [] []
[2025-03-10T21:54:43.539428-03:00] log_controller.INFO: Entrando al while, para revisar los datos [] []
[2025-03-10T21:54:43.541384-03:00] log_controller.INFO: Información enviada por json [] []
[2025-03-10T22:38:34.314332-03:00] log_controller.INFO: Entrando al while, para revisar los datos [] []
[2025-03-10T22:38:34.316326-03:00] log_controller.INFO: Información enviada por json [] []
[2025-03-10T22:40:25.632413-03:00] log_controller.INFO: Entrando al while, para revisar los datos [] []
[2025-03-10T22:40:25.643669-03:00] log_controller.INFO: Información enviada por json [] []
[2025-03-10T22:41:03.160023-03:00] log_controller.INFO: Entrando al while, para revisar los datos [] []
[2025-03-10T22:41:03.162876-03:00] log_controller.INFO: Información enviada por json [] []
[2025-03-10T22:42:45.174539-03:00] log_controller.INFO: Entrando al while, para revisar los datos [] []
[2025-03-10T22:42:45.176534-03:00] log_controller.INFO: Información enviada por json [] []
[2025-03-10T22:43:42.968423-03:00] log_controller.INFO: Entrando al while, para revisar los datos [] []
[2025-03-10T22:43:42.970284-03:00] log_controller.INFO: Información enviada por json [] []
[2025-03-10T22:45:48.632406-03:00] log_controller.INFO: Entrando al while, para revisar los datos [] []
[2025-03-10T22:45:48.634212-03:00] log_controller.INFO: Información enviada por json [] []
[2025-03-10T22:47:40.917176-03:00] log_controller.INFO: Entrando al while, para revisar los datos [] []
[2025-03-10T22:47:40.918724-03:00] log_controller.INFO: Información enviada por json [] []
[2025-03-10T22:49:56.465404-03:00] log_controller.INFO: Entrando al while, para revisar los datos [] []
[2025-03-10T22:49:56.467312-03:00] log_controller.INFO: Información enviada por json [] []
[2025-03-10T22:51:11.767549-03:00] log_controller.INFO: Entrando al while, para revisar los datos [] []
[2025-03-10T22:51:11.769634-03:00] log_controller.INFO: Información enviada por json [] []
[2025-03-10T22:54:52.915577-03:00] log_controller.INFO: Entrando al while, para revisar los datos [] []
[2025-03-10T22:55:57.081297-03:00] log_controller.INFO: Entrando al while, para revisar los datos [] []
[2025-03-10T22:55:57.082954-03:00] log_controller.INFO: INSERT INTO `detailprice` VALUES(NULL, 2, 1, 550, 0, 0, 0, 0); [] []
[2025-03-10T22:55:57.083019-03:00] log_controller.INFO: INSERT INTO `detailprice` VALUES(NULL, 2, 6, 4199, 0, 0, 0, 0); [] []
[2025-03-10T22:55:57.083066-03:00] log_controller.INFO: UPDATE `detailprice` SET `price`=600 WHERE `detailpriceid`=2 [] []
[2025-03-10T22:55:57.083110-03:00] log_controller.INFO: UPDATE `detailprice` SET `price`=562 WHERE `detailpriceid`=5 [] []
[2025-03-10T22:55:57.083153-03:00] log_controller.INFO: UPDATE `detailprice` SET `price`=1513 WHERE `detailpriceid`=4 [] []
[2025-03-10T22:55:57.083195-03:00] log_controller.INFO: UPDATE `detailprice` SET `price`=400 WHERE `detailpriceid`=6 [] []
[2025-03-10T22:55:57.083247-03:00] log_controller.INFO: UPDATE `detailprice` SET `price`=462 WHERE `detailpriceid`=3 [] []
[2025-03-10T22:55:57.083291-03:00] log_controller.INFO: UPDATE `detailprice` SET `price`=420 WHERE `detailpriceid`=1 [] []
[2025-03-10T22:55:57.083339-03:00] log_controller.INFO: Información enviada por json [] []
[2025-03-11T00:36:03.791755-03:00] log_controller.INFO: Información enviada por json [] []
[2025-03-11T00:52:37.053663-03:00] log_controller.INFO: Información enviada por json [] []
[2025-03-11T00:53:39.573594-03:00] log_controller.INFO: Información enviada por json [] []
[2025-03-11T00:54:54.680946-03:00] log_controller.INFO: Información enviada por json [] []
[2025-03-11T00:55:34.893649-03:00] log_controller.INFO: Información enviada por json [] []
[2025-03-11T13:20:16.725111-03:00] log_controller.INFO: 1 [] []
[2025-03-11T13:20:16.777380-03:00] log_controller.INFO: 1,2,6 [] []
[2025-03-11T13:20:16.777737-03:00] log_controller.INFO: 0,0,0 [] []
[2025-03-11T13:20:16.777823-03:00] log_controller.INFO: 550,600,4119 [] []
[2025-03-11T13:20:16.777871-03:00] log_controller.INFO: 0,0,0 [] []
[2025-03-11T13:22:46.830894-03:00] log_controller.INFO: Nombre array: customerid y sus valores: 1 [] []
[2025-03-11T13:22:46.832705-03:00] log_controller.INFO: Nombre array: product y sus valores: 1,2,6 [] []
[2025-03-11T13:22:46.832764-03:00] log_controller.INFO: Nombre array: details y sus valores: 0,0,0 [] []
[2025-03-11T13:22:46.832804-03:00] log_controller.INFO: Nombre array: prices y sus valores: 550,600,4199 [] []
[2025-03-11T13:22:46.832841-03:00] log_controller.INFO: Nombre array: dcto1 y sus valores: 0,0,0 [] []
