[2025-03-11T00:50:59.373901-03:00] log_models.INFO: Id. del cliente:  [] []
[2025-03-11T15:29:28.480230-03:00] log_models.INFO: {"customerid":"1","product":"1,2,6","details":"0,0,0","prices":"450,550,4199","dcto1":"0,0,0"} [] []
[2025-03-11T15:29:58.491119-03:00] log_models.INFO: {"customerid":"1","product":"1,2,6","details":"0,0,0","prices":"450,550,4199","dcto1":"0,0,0"} [] []
[2025-03-11T15:31:26.190888-03:00] log_models.INFO: {"customerid":"1","product":"1,2,6","details":"0,0,0","prices":"550,600,4119","dcto1":"0,0,0"} [] []
[2025-03-11T15:34:47.241622-03:00] log_models.INFO: {"customerid":"1","product":"1,2,6","details":"0,0,0","prices":"550,600,4199","dcto1":"5,5,0"} [] []
[2025-03-11T15:34:47.252864-03:00] log_models.INFO: Verificando el Id. del cliente 1 [] []
[2025-03-11T15:40:06.347605-03:00] log_models.INFO: {"customerid":"2","product":"1,2,6","details":"0,0,0","prices":"550,600,4199","dcto1":"0,0,0"} [] []
[2025-03-11T15:40:06.349725-03:00] log_models.INFO: Verificando el Id. del cliente 2 [] []
[2025-03-11T15:40:06.349787-03:00] log_models.INFO: {"customerid":["2"]} [] []
[2025-03-11T15:40:06.349845-03:00] log_models.INFO: {"product":["1","2","6"]} [] []
[2025-03-11T15:40:06.372658-03:00] log_models.INFO: Obteniendo el Id. de la lista de precios: -1 [] []
[2025-03-11T15:43:05.737482-03:00] log_models.INFO: {"customerid":"2","product":"1,2,6","details":"0,0,0","prices":"550,600,4199","dcto1":"0,0,0"} [] []
[2025-03-11T15:43:05.739453-03:00] log_models.INFO: Verificando el Id. del cliente 2 [] []
[2025-03-11T15:43:05.739505-03:00] log_models.INFO: {"customerid":["2"]} [] []
[2025-03-11T15:43:05.739555-03:00] log_models.INFO: {"product":["1","2","6"]} [] []
[2025-03-11T15:43:05.762870-03:00] log_models.INFO: Obteniendo el Id. de la lista de precios: -1 [] []
[2025-03-11T15:43:05.763645-03:00] log_models.INFO: Vamos a comenzar a revisar las queries para ejecutarlas [] []
[2025-03-11T15:46:15.485546-03:00] log_models.INFO: {"customerid":"1","product":"1,2,6","details":"0,0,0","prices":"550,600,4199","dcto1":"0,0,0"} [] []
[2025-03-11T15:46:15.487493-03:00] log_models.INFO: Verificando el Id. del cliente 1 [] []
[2025-03-11T15:46:15.487558-03:00] log_models.INFO: {"customerid":["1"]} [] []
[2025-03-11T15:46:15.487599-03:00] log_models.INFO: {"product":["1","2","6"]} [] []
[2025-03-11T15:46:15.489875-03:00] log_models.INFO: Obteniendo el Id. de la lista de precios: -1 [] []
[2025-03-11T15:46:15.490486-03:00] log_models.INFO: Vamos a comenzar a revisar las queries para ejecutarlas [] []
[2025-03-11T15:47:37.392755-03:00] log_models.INFO: {"customerid":"1","product":"1,2,6","details":"0,0,0","prices":"550,560,4199","dcto1":"0,0,0"} [] []
[2025-03-11T15:47:37.394364-03:00] log_models.INFO: Verificando el Id. del cliente 1 [] []
[2025-03-11T15:47:37.394430-03:00] log_models.INFO: {"customerid":["1"]} [] []
[2025-03-11T15:47:37.394474-03:00] log_models.INFO: {"product":["1","2","6"]} [] []
[2025-03-11T15:47:37.416977-03:00] log_models.INFO: Obteniendo el Id. de la lista de precios: -1 [] []
[2025-03-11T15:47:37.417723-03:00] log_models.INFO: Vamos a comenzar a revisar las queries para ejecutarlas [] []
[2025-03-11T15:47:37.417825-03:00] log_models.INFO: INSERT INTO `headerprice` VALUES(NULL, 1, CURDATE(), CURDATE(), 1, 1); [] []
[2025-03-11T15:47:37.417866-03:00] log_models.INFO: INSERT INTO `detailprice` VALUES(NULL, LAST_INSERT_ID(), 1, 0, 0, 0, 0, 0); [] []
[2025-03-11T15:47:37.417904-03:00] log_models.INFO: Llegamos al final. [] []
[2025-03-11T15:53:25.439964-03:00] log_models.INFO: {"customerid":"1","product":"1,2,6,11,12,13","details":"0,0,0,0,0,0","prices":"550,600,4199,1720,1720,1720","dcto1":"0,0,0,0,0,0"} [] []
[2025-03-11T15:53:25.442492-03:00] log_models.INFO: Verificando el Id. del cliente 1 [] []
[2025-03-11T15:53:25.442588-03:00] log_models.INFO: {"customerid":["1"]} [] []
[2025-03-11T15:53:25.442639-03:00] log_models.INFO: {"product":["1","2","6","11","12","13"]} [] []
[2025-03-11T15:53:25.442686-03:00] log_models.INFO: {"details":["0","0","0","0","0","0"]} [] []
[2025-03-11T15:53:25.442745-03:00] log_models.INFO: ["550","600","4199","1720","1720","1720"] [] []
[2025-03-11T15:53:25.442836-03:00] log_models.INFO: ["0","0","0","0","0","0"] [] []
[2025-03-11T15:53:25.445363-03:00] log_models.INFO: Obteniendo el Id. de la lista de precios: -1 [] []
[2025-03-11T15:53:25.445465-03:00] log_models.INFO: Tamaño de la matriz: 1 [] []
[2025-03-11T15:53:25.446080-03:00] log_models.INFO: Vamos a comenzar a revisar las queries para ejecutarlas [] []
[2025-03-11T15:53:25.446147-03:00] log_models.INFO: INSERT INTO `headerprice` VALUES(NULL, 1, CURDATE(), CURDATE(), 1, 1); [] []
[2025-03-11T15:53:25.446190-03:00] log_models.INFO: INSERT INTO `detailprice` VALUES(NULL, LAST_INSERT_ID(), 1, 0, 0, 0, 0, 0); [] []
[2025-03-11T15:53:25.446231-03:00] log_models.INFO: Llegamos al final. [] []
[2025-03-11T15:55:31.625895-03:00] log_models.INFO: {"customerid":"1","product":"1,2,6,12,13,14","details":"0,0,0,0,0,0","prices":"550,600,4199,1850,1850,1850","dcto1":"0,0,0,0,0,0"} [] []
[2025-03-11T15:55:31.627727-03:00] log_models.INFO: Verificando el Id. del cliente 1 [] []
[2025-03-11T15:55:31.627786-03:00] log_models.INFO: {"customerid":["1"]} [] []
[2025-03-11T15:55:31.627843-03:00] log_models.INFO: {"product":["1","2","6","12","13","14"]} [] []
[2025-03-11T15:55:31.627895-03:00] log_models.INFO: {"details":["0","0","0","0","0","0"]} [] []
[2025-03-11T15:55:31.627930-03:00] log_models.INFO: ["550","600","4199","1850","1850","1850"] [] []
[2025-03-11T15:55:31.627965-03:00] log_models.INFO: ["0","0","0","0","0","0"] [] []
[2025-03-11T15:55:31.648134-03:00] log_models.INFO: Obteniendo el Id. de la lista de precios: -1 [] []
[2025-03-11T15:55:31.648259-03:00] log_models.INFO: Tamaño de la matriz: 1 [] []
[2025-03-11T15:55:31.648991-03:00] log_models.INFO: Vamos a comenzar a revisar las queries para ejecutarlas [] []
[2025-03-11T15:55:31.649065-03:00] log_models.INFO: INSERT INTO `headerprice` VALUES(NULL, 1, CURDATE(), CURDATE(), 1, 1); [] []
[2025-03-11T15:55:31.649105-03:00] log_models.INFO: INSERT INTO `detailprice` VALUES(NULL, LAST_INSERT_ID(), 1, 0, 0, 0, 0, 0); [] []
[2025-03-11T15:55:31.649142-03:00] log_models.INFO: Llegamos al final. [] []
[2025-03-11T16:02:15.122329-03:00] log_models.INFO: Metodo save() del package Price() [] []
[2025-03-11T16:02:15.124333-03:00] log_models.INFO: {"customerid":"1","product":"1,2,6,11,12,13","details":"0,0,0,0,0,0","prices":"550,600,4199,1200,1200,1200","dcto1":"0,0,0,0,0,0"} [] []
[2025-03-11T16:02:15.124399-03:00] log_models.INFO: Verificando el Id. del cliente 1 [] []
[2025-03-11T16:02:15.124441-03:00] log_models.INFO: {"customerid":["1"]} [] []
[2025-03-11T16:02:15.124489-03:00] log_models.INFO: {"product":["1","2","6","11","12","13"]} [] []
[2025-03-11T16:02:15.124526-03:00] log_models.INFO: {"details":["0","0","0","0","0","0"]} [] []
[2025-03-11T16:02:15.124561-03:00] log_models.INFO: ["550","600","4199","1200","1200","1200"] [] []
[2025-03-11T16:02:15.124596-03:00] log_models.INFO: ["0","0","0","0","0","0"] [] []
[2025-03-11T16:02:15.146799-03:00] log_models.INFO: Obteniendo el Id. de la lista de precios: -1 [] []
[2025-03-11T16:02:15.146909-03:00] log_models.INFO: Tamaño de la matriz: 6 [] []
[2025-03-11T16:02:15.150029-03:00] log_models.INFO: Vamos a comenzar a revisar las queries para ejecutarlas [] []
[2025-03-11T16:02:15.150112-03:00] log_models.INFO: INSERT INTO `headerprice` VALUES(NULL, 1, CURDATE(), CURDATE(), 1, 1); [] []
[2025-03-11T16:02:15.150155-03:00] log_models.INFO: INSERT INTO `detailprice` VALUES(NULL, LAST_INSERT_ID(), 1, 0, 0, 0, 0, 0); [] []
[2025-03-11T16:02:15.150192-03:00] log_models.INFO: INSERT INTO `detailprice` VALUES(NULL, LAST_INSERT_ID(), 2, 0, 0, 0, 0, 0); [] []
[2025-03-11T16:02:15.150227-03:00] log_models.INFO: INSERT INTO `detailprice` VALUES(NULL, LAST_INSERT_ID(), 6, 0, 0, 0, 0, 0); [] []
[2025-03-11T16:02:15.150262-03:00] log_models.INFO: INSERT INTO `detailprice` VALUES(NULL, LAST_INSERT_ID(), 11, 0, 0, 0, 0, 0); [] []
[2025-03-11T16:02:15.150296-03:00] log_models.INFO: INSERT INTO `detailprice` VALUES(NULL, LAST_INSERT_ID(), 12, 0, 0, 0, 0, 0); [] []
[2025-03-11T16:02:15.150330-03:00] log_models.INFO: INSERT INTO `detailprice` VALUES(NULL, LAST_INSERT_ID(), 13, 0, 0, 0, 0, 0); [] []
[2025-03-11T16:02:15.150446-03:00] log_models.INFO: Llegamos al final. [] []
[2025-03-11T16:11:11.239959-03:00] log_models.INFO: Metodo save() del package Price() [] []
[2025-03-11T16:11:11.241895-03:00] log_models.INFO: {"customerid":"1","product":"1,2,6,11,12,13","details":"0,0,0,0,0,0","prices":"550,600,4199,1200,1200,1200","dcto1":"5,5,5,0,0,0"} [] []
[2025-03-11T16:11:11.241965-03:00] log_models.INFO: Verificando el Id. del cliente 1 [] []
[2025-03-11T16:11:11.242008-03:00] log_models.INFO: {"customerid":["1"]} [] []
[2025-03-11T16:11:11.242047-03:00] log_models.INFO: {"product":["1","2","6","11","12","13"]} [] []
[2025-03-11T16:11:11.242085-03:00] log_models.INFO: {"details":["0","0","0","0","0","0"]} [] []
[2025-03-11T16:11:11.242122-03:00] log_models.INFO: ["550","600","4199","1200","1200","1200"] [] []
[2025-03-11T16:11:11.242170-03:00] log_models.INFO: ["5","5","5","0","0","0"] [] []
[2025-03-11T16:11:11.264544-03:00] log_models.INFO: Obteniendo el Id. de la lista de precios: -1 [] []
[2025-03-11T16:11:11.264672-03:00] log_models.INFO: Tamaño de la matriz: 6 [] []
[2025-03-11T16:11:11.267555-03:00] log_models.INFO: Vamos a comenzar a revisar las queries para ejecutarlas [] []
[2025-03-11T16:11:11.267763-03:00] log_models.INFO: Tamaño de la matriz de las queries: Array [] []
[2025-03-11T16:11:11.267822-03:00] log_models.INFO: INSERT INTO `headerprice` VALUES(NULL, 1, CURDATE(), CURDATE(), 1, 1); [] []
[2025-03-11T16:11:11.267862-03:00] log_models.INFO: INSERT INTO `detailprice` VALUES(NULL, LAST_INSERT_ID(), 1, 0, 0, 0, 0, 0); [] []
[2025-03-11T16:11:11.267898-03:00] log_models.INFO: INSERT INTO `detailprice` VALUES(NULL, LAST_INSERT_ID(), 2, 0, 0, 0, 0, 0); [] []
[2025-03-11T16:11:11.267944-03:00] log_models.INFO: INSERT INTO `detailprice` VALUES(NULL, LAST_INSERT_ID(), 6, 0, 0, 0, 0, 0); [] []
[2025-03-11T16:11:11.267979-03:00] log_models.INFO: INSERT INTO `detailprice` VALUES(NULL, LAST_INSERT_ID(), 11, 0, 0, 0, 0, 0); [] []
[2025-03-11T16:11:11.268013-03:00] log_models.INFO: INSERT INTO `detailprice` VALUES(NULL, LAST_INSERT_ID(), 12, 0, 0, 0, 0, 0); [] []
[2025-03-11T16:11:11.268047-03:00] log_models.INFO: INSERT INTO `detailprice` VALUES(NULL, LAST_INSERT_ID(), 13, 0, 0, 0, 0, 0); [] []
[2025-03-11T16:11:11.268081-03:00] log_models.INFO: Llegamos al final. [] []
[2025-03-11T16:14:11.993453-03:00] log_models.INFO: Metodo save() del package Price() [] []
[2025-03-11T16:14:11.995240-03:00] log_models.INFO: {"customerid":"1","product":"1,2,6,11,12,13","details":"0,0,0,0,0,0","prices":"550,600,4199,1200,1200,1200","dcto1":"0,2,5,0,0,0"} [] []
[2025-03-11T16:14:11.995296-03:00] log_models.INFO: Verificando el Id. del cliente 1 [] []
[2025-03-11T16:14:11.995337-03:00] log_models.INFO: {"customerid":["1"]} [] []
[2025-03-11T16:14:11.995375-03:00] log_models.INFO: {"product":["1","2","6","11","12","13"]} [] []
[2025-03-11T16:14:11.995413-03:00] log_models.INFO: {"details":["0","0","0","0","0","0"]} [] []
[2025-03-11T16:14:11.995449-03:00] log_models.INFO: {"prices":["550","600","4199","1200","1200","1200"]} [] []
[2025-03-11T16:14:11.995485-03:00] log_models.INFO: {"dcto1":["0","2","5","0","0","0"]} [] []
[2025-03-11T16:14:12.002476-03:00] log_models.INFO: Obteniendo el Id. de la lista de precios: -1 [] []
[2025-03-11T16:14:12.002639-03:00] log_models.INFO: Tamaño de la matriz: 6 [] []
[2025-03-11T16:14:12.002745-03:00] log_models.INFO: Vamos a comenzar a revisar las queries para ejecutarlas [] []
[2025-03-11T16:14:12.002976-03:00] log_models.INFO: Tamaño de la matriz de las queries: Array [] []
[2025-03-11T16:14:12.003067-03:00] log_models.INFO: INSERT INTO `headerprice` VALUES(NULL, 1, CURDATE(), CURDATE(), 1, 1); [] []
[2025-03-11T16:14:12.003107-03:00] log_models.INFO: INSERT INTO `detailprice` VALUES(NULL, LAST_INSERT_ID(), 1, 550, 0, 0, 0, 0); [] []
[2025-03-11T16:14:12.003145-03:00] log_models.INFO: INSERT INTO `detailprice` VALUES(NULL, LAST_INSERT_ID(), 2, 600, 2, 0, 0, 0); [] []
[2025-03-11T16:14:12.003221-03:00] log_models.INFO: INSERT INTO `detailprice` VALUES(NULL, LAST_INSERT_ID(), 6, 4199, 5, 0, 0, 0); [] []
[2025-03-11T16:14:12.003262-03:00] log_models.INFO: INSERT INTO `detailprice` VALUES(NULL, LAST_INSERT_ID(), 11, 1200, 0, 0, 0, 0); [] []
[2025-03-11T16:14:12.003298-03:00] log_models.INFO: INSERT INTO `detailprice` VALUES(NULL, LAST_INSERT_ID(), 12, 1200, 0, 0, 0, 0); [] []
[2025-03-11T16:14:12.003332-03:00] log_models.INFO: INSERT INTO `detailprice` VALUES(NULL, LAST_INSERT_ID(), 13, 1200, 0, 0, 0, 0); [] []
[2025-03-11T16:14:12.003366-03:00] log_models.INFO: Llegamos al final. [] []
[2025-03-11T16:20:01.269326-03:00] log_models.INFO: Metodo save() del package Price() [] []
[2025-03-11T16:20:01.271401-03:00] log_models.INFO: {"customerid":"1","product":"1,2,6,12,13,14","details":"11,0,0,0,0,0","prices":"550,600,4199,1200,1200,1200","dcto1":"0,0,0,0,0,0"} [] []
[2025-03-11T16:20:01.271470-03:00] log_models.INFO: Verificando el Id. del cliente 1 [] []
[2025-03-11T16:20:01.271519-03:00] log_models.INFO: {"customerid":["1"]} [] []
[2025-03-11T16:20:01.271566-03:00] log_models.INFO: {"product":["1","2","6","12","13","14"]} [] []
[2025-03-11T16:20:01.271610-03:00] log_models.INFO: {"details":["11","0","0","0","0","0"]} [] []
[2025-03-11T16:20:01.271653-03:00] log_models.INFO: {"prices":["550","600","4199","1200","1200","1200"]} [] []
[2025-03-11T16:20:01.271714-03:00] log_models.INFO: {"dcto1":["0","0","0","0","0","0"]} [] []
[2025-03-11T16:20:01.294073-03:00] log_models.INFO: Obteniendo el Id. de la lista de precios: 2 [] []
[2025-03-11T16:20:01.294187-03:00] log_models.INFO: Tamaño de la matriz: 6 [] []
[2025-03-11T16:20:01.294276-03:00] log_models.INFO: Vamos a comenzar a revisar las queries para ejecutarlas [] []
[2025-03-11T16:20:01.294475-03:00] log_models.INFO: Tamaño de la matriz de las queries: Array [] []
[2025-03-11T16:20:01.294552-03:00] log_models.INFO: INSERT INTO `detailprice` VALUES(NULL, 2, 2, 600, 0, 0, 0, 0); [] []
[2025-03-11T16:20:01.294600-03:00] log_models.INFO: INSERT INTO `detailprice` VALUES(NULL, 2, 6, 4199, 0, 0, 0, 0); [] []
[2025-03-11T16:20:01.294658-03:00] log_models.INFO: INSERT INTO `detailprice` VALUES(NULL, 2, 12, 1200, 0, 0, 0, 0); [] []
[2025-03-11T16:20:01.294717-03:00] log_models.INFO: INSERT INTO `detailprice` VALUES(NULL, 2, 13, 1200, 0, 0, 0, 0); [] []
[2025-03-11T16:20:01.294760-03:00] log_models.INFO: INSERT INTO `detailprice` VALUES(NULL, 2, 14, 1200, 0, 0, 0, 0); [] []
[2025-03-11T16:20:01.294803-03:00] log_models.INFO: UPDATE `headerprice` SET `updateof`=CURDATE(), `userid`=1 WHERE `headerpriceid`=2; [] []
[2025-03-11T16:20:01.294892-03:00] log_models.INFO: UPDATE `detailprice` SET `price`=550, `discount1`=0 WHERE `detailpriceid`=11 AND `headerpriceid`=2 AND `productid`=1; [] []
[2025-03-11T16:20:01.294997-03:00] log_models.INFO: Llegamos al final. [] []
[2025-03-11T17:23:13.891746-03:00] log_models.INFO: Metodo save() del package Price() [] []
[2025-03-11T17:23:13.941210-03:00] log_models.INFO: {"customerid":"4","product":"1,2,6","details":"0,0,0","prices":"550,600,4199","dcto1":"0,0,0"} [] []
[2025-03-11T17:23:13.941291-03:00] log_models.INFO: Verificando el Id. del cliente 4 [] []
[2025-03-11T17:23:13.941336-03:00] log_models.INFO: {"customerid":["4"]} [] []
[2025-03-11T17:23:13.941376-03:00] log_models.INFO: {"product":["1","2","6"]} [] []
[2025-03-11T17:23:13.941414-03:00] log_models.INFO: {"details":["0","0","0"]} [] []
[2025-03-11T17:23:13.941451-03:00] log_models.INFO: {"prices":["550","600","4199"]} [] []
[2025-03-11T17:23:13.941488-03:00] log_models.INFO: {"dcto1":["0","0","0"]} [] []
[2025-03-11T17:23:13.949187-03:00] log_models.INFO: Obteniendo el Id. de la lista de precios: -1 [] []
[2025-03-11T17:23:13.949297-03:00] log_models.INFO: Tamaño de la matriz: 3 [] []
[2025-03-11T17:23:13.949388-03:00] log_models.INFO: Vamos a comenzar a revisar las queries para ejecutarlas [] []
[2025-03-11T17:23:13.949644-03:00] log_models.INFO: Tamaño de la matriz de las queries: Array [] []
[2025-03-11T17:23:13.949739-03:00] log_models.INFO: INSERT INTO `headerprice` VALUES(NULL, 4, CURDATE(), CURDATE(), 1, 1); [] []
[2025-03-11T17:23:13.949842-03:00] log_models.INFO: INSERT INTO `detailprice` VALUES(NULL, LAST_INSERT_ID(), 6, 4199, 0, 0, 0, 0); [] []
[2025-03-11T17:23:13.949889-03:00] log_models.INFO: Llegamos al final. [] []
[2025-03-11T17:24:52.190741-03:00] log_models.INFO: Metodo save() del package Price() [] []
[2025-03-11T17:24:52.192332-03:00] log_models.INFO: {"customerid":"4","product":"1,2,6","details":"0,0,0","prices":"550,600,4199","dcto1":"0,0,0"} [] []
[2025-03-11T17:24:52.192388-03:00] log_models.INFO: Verificando el Id. del cliente 4 [] []
[2025-03-11T17:24:52.192429-03:00] log_models.INFO: {"customerid":["4"]} [] []
[2025-03-11T17:24:52.192476-03:00] log_models.INFO: {"product":["1","2","6"]} [] []
[2025-03-11T17:24:52.192534-03:00] log_models.INFO: {"details":["0","0","0"]} [] []
[2025-03-11T17:24:52.192585-03:00] log_models.INFO: {"prices":["550","600","4199"]} [] []
[2025-03-11T17:24:52.192620-03:00] log_models.INFO: {"dcto1":["0","0","0"]} [] []
[2025-03-11T17:24:52.216406-03:00] log_models.INFO: Obteniendo el Id. de la lista de precios: -1 [] []
[2025-03-11T17:24:52.216512-03:00] log_models.INFO: Tamaño de la matriz: 3 [] []
[2025-03-11T17:24:52.216582-03:00] log_models.INFO: Vamos a comenzar a revisar las queries para ejecutarlas [] []
[2025-03-11T17:24:52.216775-03:00] log_models.INFO: Tamaño de la matriz de las queries: Array [] []
[2025-03-11T17:24:52.216881-03:00] log_models.INFO: INSERT INTO `headerprice` VALUES(NULL, 4, CURDATE(), CURDATE(), 1, 1); [] []
[2025-03-11T17:24:52.216953-03:00] log_models.INFO: INSERT INTO `detailprice` VALUES(NULL, LAST_INSERT_ID(), 1, 550, 0, 0, 0, 0),(NULL, LAST_INSERT_ID(), 2, 600, 0, 0, 0, 0),(NULL, LAST_INSERT_ID(), 6, 4199, 0, 0, 0, 0); [] []
[2025-03-11T17:24:52.217022-03:00] log_models.INFO: Llegamos al final. [] []
[2025-03-11T18:10:37.624559-03:00] log_models.INFO: Metodo save() del package Price() [] []
[2025-03-11T18:10:37.626731-03:00] log_models.INFO: {"customerid":"3","product":"1,2,6,30,9,11,12,13,17,21,25,26,27","details":"9,2,10,5,0,0,0,0,4,6,3,1,0","prices":"550,630,4199,562,462,1008,1008,1008,1513,400,462,420,823","dcto1":"0,0,0,0,0,0,0,0,0,0,0,0,0"} [] []
[2025-03-11T18:10:37.626797-03:00] log_models.INFO: Verificando el Id. del cliente 3 [] []
[2025-03-11T18:10:37.626844-03:00] log_models.INFO: {"customerid":["3"]} [] []
[2025-03-11T18:10:37.626910-03:00] log_models.INFO: {"product":["1","2","6","30","9","11","12","13","17","21","25","26","27"]} [] []
[2025-03-11T18:10:37.626979-03:00] log_models.INFO: {"details":["9","2","10","5","0","0","0","0","4","6","3","1","0"]} [] []
[2025-03-11T18:10:37.627048-03:00] log_models.INFO: {"prices":["550","630","4199","562","462","1008","1008","1008","1513","400","462","420","823"]} [] []
[2025-03-11T18:10:37.627094-03:00] log_models.INFO: {"dcto1":["0","0","0","0","0","0","0","0","0","0","0","0","0"]} [] []
[2025-03-11T18:10:37.644083-03:00] log_models.INFO: Obteniendo el Id. de la lista de precios: 1 [] []
[2025-03-11T18:10:37.644209-03:00] log_models.INFO: Tamaño de la matriz: 13 [] []
[2025-03-11T18:10:37.644303-03:00] log_models.INFO: Vamos a comenzar a revisar las queries para ejecutarlas [] []
[2025-03-11T18:10:37.644501-03:00] log_models.INFO: Tamaño de la matriz de las queries: Array [] []
[2025-03-11T18:10:37.644599-03:00] log_models.INFO: INSERT INTO `detailprice` VALUES(NULL, 1, 9, 462, 0, 0, 0, 0); [] []
[2025-03-11T18:10:37.663626-03:00] log_models.INFO: El script INSERT INTO `detailprice` VALUES(NULL, 1, 9, 462, 0, 0, 0, 0); se ejecutó corectamente. [] []
[2025-03-11T18:10:37.664162-03:00] log_models.INFO: INSERT INTO `detailprice` VALUES(NULL, 1, 11, 1008, 0, 0, 0, 0); [] []
[2025-03-11T18:10:37.678400-03:00] log_models.INFO: El script INSERT INTO `detailprice` VALUES(NULL, 1, 11, 1008, 0, 0, 0, 0); se ejecutó corectamente. [] []
[2025-03-11T18:10:37.678834-03:00] log_models.INFO: INSERT INTO `detailprice` VALUES(NULL, 1, 12, 1008, 0, 0, 0, 0); [] []
[2025-03-11T18:10:37.683527-03:00] log_models.INFO: El script INSERT INTO `detailprice` VALUES(NULL, 1, 12, 1008, 0, 0, 0, 0); se ejecutó corectamente. [] []
[2025-03-11T18:10:37.683963-03:00] log_models.INFO: INSERT INTO `detailprice` VALUES(NULL, 1, 13, 1008, 0, 0, 0, 0); [] []
[2025-03-11T18:10:37.711438-03:00] log_models.INFO: El script INSERT INTO `detailprice` VALUES(NULL, 1, 13, 1008, 0, 0, 0, 0); se ejecutó corectamente. [] []
[2025-03-11T18:10:37.711867-03:00] log_models.INFO: INSERT INTO `detailprice` VALUES(NULL, 1, 27, 823, 0, 0, 0, 0); [] []
[2025-03-11T18:10:37.726351-03:00] log_models.INFO: El script INSERT INTO `detailprice` VALUES(NULL, 1, 27, 823, 0, 0, 0, 0); se ejecutó corectamente. [] []
[2025-03-11T18:10:37.726932-03:00] log_models.INFO: UPDATE `headerprice` SET `updateof`=CURDATE(), `userid`=1 WHERE `headerpriceid`=1; [] []
[2025-03-11T18:10:37.742888-03:00] log_models.INFO: El script UPDATE `headerprice` SET `updateof`=CURDATE(), `userid`=1 WHERE `headerpriceid`=1; se ejecutó corectamente. [] []
[2025-03-11T18:10:37.743294-03:00] log_models.INFO: UPDATE `detailprice` SET `price`=550, `discount1`=0 WHERE `detailpriceid`=9 AND `headerpriceid`=1 AND `productid`=1; [] []
[2025-03-11T18:10:37.756013-03:00] log_models.INFO: El script UPDATE `detailprice` SET `price`=550, `discount1`=0 WHERE `detailpriceid`=9 AND `headerpriceid`=1 AND `productid`=1; se ejecutó corectamente. [] []
[2025-03-11T18:10:37.756784-03:00] log_models.INFO: UPDATE `detailprice` SET `price`=630, `discount1`=0 WHERE `detailpriceid`=2 AND `headerpriceid`=1 AND `productid`=2; [] []
[2025-03-11T18:10:37.761907-03:00] log_models.INFO: El script UPDATE `detailprice` SET `price`=630, `discount1`=0 WHERE `detailpriceid`=2 AND `headerpriceid`=1 AND `productid`=2; se ejecutó corectamente. [] []
[2025-03-11T18:10:37.762605-03:00] log_models.INFO: UPDATE `detailprice` SET `price`=4199, `discount1`=0 WHERE `detailpriceid`=10 AND `headerpriceid`=1 AND `productid`=6; [] []
[2025-03-11T18:10:37.772247-03:00] log_models.INFO: El script UPDATE `detailprice` SET `price`=4199, `discount1`=0 WHERE `detailpriceid`=10 AND `headerpriceid`=1 AND `productid`=6; se ejecutó corectamente. [] []
[2025-03-11T18:10:37.772890-03:00] log_models.INFO: UPDATE `detailprice` SET `price`=562, `discount1`=0 WHERE `detailpriceid`=5 AND `headerpriceid`=1 AND `productid`=30; [] []
[2025-03-11T18:10:37.775372-03:00] log_models.INFO: El script UPDATE `detailprice` SET `price`=562, `discount1`=0 WHERE `detailpriceid`=5 AND `headerpriceid`=1 AND `productid`=30; se ejecutó corectamente. [] []
[2025-03-11T18:10:37.775965-03:00] log_models.INFO: UPDATE `detailprice` SET `price`=1513, `discount1`=0 WHERE `detailpriceid`=4 AND `headerpriceid`=1 AND `productid`=17; [] []
[2025-03-11T18:10:37.778565-03:00] log_models.INFO: El script UPDATE `detailprice` SET `price`=1513, `discount1`=0 WHERE `detailpriceid`=4 AND `headerpriceid`=1 AND `productid`=17; se ejecutó corectamente. [] []
[2025-03-11T18:10:37.779303-03:00] log_models.INFO: UPDATE `detailprice` SET `price`=400, `discount1`=0 WHERE `detailpriceid`=6 AND `headerpriceid`=1 AND `productid`=21; [] []
[2025-03-11T18:10:37.782087-03:00] log_models.INFO: El script UPDATE `detailprice` SET `price`=400, `discount1`=0 WHERE `detailpriceid`=6 AND `headerpriceid`=1 AND `productid`=21; se ejecutó corectamente. [] []
[2025-03-11T18:10:37.782850-03:00] log_models.INFO: UPDATE `detailprice` SET `price`=462, `discount1`=0 WHERE `detailpriceid`=3 AND `headerpriceid`=1 AND `productid`=25; [] []
[2025-03-11T18:10:37.804133-03:00] log_models.INFO: El script UPDATE `detailprice` SET `price`=462, `discount1`=0 WHERE `detailpriceid`=3 AND `headerpriceid`=1 AND `productid`=25; se ejecutó corectamente. [] []
[2025-03-11T18:10:37.804756-03:00] log_models.INFO: UPDATE `detailprice` SET `price`=420, `discount1`=0 WHERE `detailpriceid`=1 AND `headerpriceid`=1 AND `productid`=26; [] []
[2025-03-11T18:10:37.819958-03:00] log_models.INFO: El script UPDATE `detailprice` SET `price`=420, `discount1`=0 WHERE `detailpriceid`=1 AND `headerpriceid`=1 AND `productid`=26; se ejecutó corectamente. [] []
[2025-03-11T18:10:37.820523-03:00] log_models.INFO: Llegamos al final. [] []
